<?xml version="1.0" encoding="UTF-8"?>
<!-- Generated by org.testng.reporters.JUnitXMLReporter -->
<testsuite hostname="DESKTOP-I18QERN" ignored="0" name="Surefire test" tests="1" failures="0" timestamp="24 Nov 2018 08:42:27 GMT" time="0.038" errors="0">
  <testcase name="@BeforeClass setUp" time="0.011" classname="com.sgic.automation.demo.test.BaseTest">
    <failure type="java.lang.NullPointerException">
      <![CDATA[java.lang.NullPointerException
at java.util.Hashtable.put(Hashtable.java:460)
at java.util.Properties.setProperty(Properties.java:166)
at java.lang.System.setProperty(System.java:796)
at com.sgic.automation.demo.test.BaseTest.setUp(BaseTest.java:37)
... Removed 31 stack frames]]>
    </failure>
  </testcase> <!-- @BeforeClass setUp -->
  <testcase name="@AfterClass tearDown" time="0.0" classname="com.sgic.automation.demo.test.BaseTest">
    <failure type="java.lang.NullPointerException">
      <![CDATA[java.lang.NullPointerException
at com.sgic.automation.demo.test.BaseTest.tearDown(BaseTest.java:62)
... Removed 31 stack frames]]>
    </failure>
  </testcase> <!-- @AfterClass tearDown -->
  <testcase name="testOrangeHRM" time="0.0" classname="com.sgic.automation.demo.test.LoginTest">
    <skipped/>
  </testcase> <!-- testOrangeHRM -->
</testsuite> <!-- Surefire test -->
