-------------------------------------------------------------------------------
Test set: TestSuite
-------------------------------------------------------------------------------
Tests run: 3, Failures: 2, Errors: 0, Skipped: 1, Time elapsed: 1.443 s <<< FAILURE! - in TestSuite
setUp(com.sgic.automation.demo.test.LoginTest)  Time elapsed: 1.045 s  <<< FAILURE!
java.lang.NullPointerException

tearDown(com.sgic.automation.demo.test.LoginTest)  Time elapsed: 1.052 s  <<< FAILURE!
java.lang.NullPointerException

